c:\users\etudiant1\documents\github\neuveurtrante\neuveurtrante\debug\vc143.pdb
c:\users\etudiant1\documents\github\neuveurtrante\neuveurtrante\debug\.netframework,version=v4.7.2.assemblyattributes.obj
c:\users\etudiant1\documents\github\neuveurtrante\neuveurtrante\debug\myform.obj
c:\users\etudiant1\documents\github\neuveurtrante\neuveurtrante\debug\loadoal.obj
c:\users\etudiant1\documents\github\neuveurtrante\neuveurtrante\debug\framework.obj
c:\users\etudiant1\documents\github\neuveurtrante\neuveurtrante\debug\cwaves.obj
c:\users\etudiant1\documents\github\neuveurtrante\neuveurtrante\debug\aldlist.obj
c:\users\etudiant1\documents\github\neuveurtrante\debug\neuveurtrante.exe
c:\users\etudiant1\documents\github\neuveurtrante\neuveurtrante\debug\neuveurtrante.vcxproj.assemblyreference.cache
c:\users\etudiant1\documents\github\neuveurtrante\neuveurtrante\debug\neuveurtrante.vcxproj.generateresource.cache
c:\users\etudiant1\documents\github\neuveurtrante\neuveurtrante\debug\neuveurtrante.myform.resources
c:\users\etudiant1\documents\github\neuveurtrante\neuveurtrante\debug\neuveurtrante.tlog\cl.command.1.tlog
c:\users\etudiant1\documents\github\neuveurtrante\neuveurtrante\debug\neuveurtrante.tlog\cl.read.1.tlog
c:\users\etudiant1\documents\github\neuveurtrante\neuveurtrante\debug\neuveurtrante.tlog\cl.write.1.tlog
c:\users\etudiant1\documents\github\neuveurtrante\neuveurtrante\debug\neuveurtrante.tlog\link.command.1.tlog
c:\users\etudiant1\documents\github\neuveurtrante\neuveurtrante\debug\neuveurtrante.tlog\link.read.1.tlog
c:\users\etudiant1\documents\github\neuveurtrante\neuveurtrante\debug\neuveurtrante.tlog\link.write.1.tlog
c:\users\etudiant1\documents\github\neuveurtrante\neuveurtrante\debug\neuveurtrante.tlog\metagen.read.1.tlog
c:\users\etudiant1\documents\github\neuveurtrante\neuveurtrante\debug\neuveurtrante.tlog\metagen.write.1.tlog
c:\users\etudiant1\documents\github\neuveurtrante\neuveurtrante\debug\neuveurtrante.tlog\resgen.command.1.tlog
c:\users\etudiant1\documents\github\neuveurtrante\neuveurtrante\debug\neuveurtrante.tlog\resgen.read.1.tlog
c:\users\etudiant1\documents\github\neuveurtrante\neuveurtrante\debug\neuveurtrante.tlog\resgen.write.1.tlog
